#
# There is insufficient memory for the Java Runtime Environment to continue.
# Native memory allocation (mmap) failed to map 132120576 bytes for Failed to commit area from 0x0000000082000000 to 0x0000000089e00000 of length 132120576.
# Possible reasons:
#   The system is out of physical RAM or swap space
#   The process is running with CompressedOops enabled, and the Java Heap may be blocking the growth of the native heap
# Possible solutions:
#   Reduce memory load on the system
#   Increase physical memory or swap space
#   Check if swap backing store is full
#   Decrease Java heap size (-Xmx/-Xms)
#   Decrease number of Java threads
#   Decrease Java thread stack sizes (-Xss)
#   Set larger code cache with -XX:ReservedCodeCacheSize=
# This output file may be truncated or incomplete.
#
#  Out of Memory Error (t:/workspace/open/src/hotspot/os/windows/os_windows.cpp:3254), pid=10284, tid=7308
#
# JRE version:  (12.0.1+12) (build )
# Java VM: OpenJDK 64-Bit Server VM (12.0.1+12, mixed mode, aot, sharing, tiered, compressed oops, g1 gc, windows-amd64)
# No core dump will be written. Minidumps are not enabled by default on client versions of Windows
#

---------------  S U M M A R Y ------------

Command Line: -Dcom.sun.management.jmxremote -Dcom.sun.management.jmxremote.port=58071 -Dcom.sun.management.jmxremote.authenticate=false -Dcom.sun.management.jmxremote.ssl=false -Djava.rmi.server.hostname=localhost -Dspring.jmx.enabled=true -Dspring.application.admin.enabled=true -XX:TieredStopAtLevel=1 -Dspring.boot.project.name=algaBackend -Dfile.encoding=UTF-8 com.backend.demo.AlgaBackendApplication --spring.output.ansi.enabled=always

Host: Intel(R) Core(TM) i7-3537U CPU @ 2.00GHz, 4 cores, 7G,  Windows 10 , 64 bit Build 19041 (10.0.19041.928)
Time: Mon May 24 19:24:58 2021 Hora oficial do Brasil elapsed time: 1 seconds (0d 0h 0m 1s)

---------------  T H R E A D  ---------------

Current thread (0x00000235856a4000):  JavaThread "Unknown thread" [_thread_in_vm, id=7308, stack(0x000000858e000000,0x000000858e100000)]

Stack: [0x000000858e000000,0x000000858e100000]
Native frames: (J=compiled Java code, j=interpreted, Vv=VM code, C=native code)
V  [jvm.dll+0x63918a]
V  [jvm.dll+0x78b0df]
V  [jvm.dll+0x78c781]
V  [jvm.dll+0x78cdd3]
V  [jvm.dll+0x261f68]
V  [jvm.dll+0x63668a]
V  [jvm.dll+0x62b205]
V  [jvm.dll+0x31d8ec]
V  [jvm.dll+0x31d71f]
V  [jvm.dll+0x323456]
V  [jvm.dll+0x370f06]
V  [jvm.dll+0x3706e0]
V  [jvm.dll+0x2f771a]
V  [jvm.dll+0x2f89a2]
V  [jvm.dll+0x765487]
V  [jvm.dll+0x766b65]
V  [jvm.dll+0x37efd9]
V  [jvm.dll+0x7497e4]
V  [jvm.dll+0x3ee35d]
V  [jvm.dll+0x3f0201]
C  [jli.dll+0x51cf]
C  [ucrtbase.dll+0x21bb2]
C  [KERNEL32.DLL+0x17034]
C  [ntdll.dll+0x52651]


---------------  P R O C E S S  ---------------

Threads class SMR info:
_java_thread_list=0x00007ffddd5346e8, length=0, elements={
}

Java Threads: ( => current thread )

Other Threads:
  0x00000235856e4800 GCTaskThread "GC Thread#0" [stack: 0x000000858e100000,0x000000858e200000] [id=4368]
  0x00000235856f4000 ConcurrentGCThread "G1 Main Marker" [stack: 0x000000858e200000,0x000000858e300000] [id=12500]
  0x00000235856f5800 ConcurrentGCThread "G1 Conc#0" [stack: 0x000000858e300000,0x000000858e400000] [id=6612]

[error occurred during error reporting (printing all threads), id 0xc0000005, EXCEPTION_ACCESS_VIOLATION (0xc0000005) at pc=0x00007ffddcd67987]

VM state:not at safepoint (not fully initialized)

VM Mutex/Monitor currently owned by a thread:  ([mutex/lock_event])
[0x00000235856a0c80] Heap_lock - owner thread: 0x00000235856a4000

Heap address: 0x0000000082000000, size: 2016 MB, Compressed Oops mode: Non-zero based: 0x0000000082000000
Narrow klass base: 0x0000000000000000, Narrow klass shift: 0

GC Heap History (0 events):
No events

Deoptimization events (0 events):
No events

Classes redefined (0 events):
No events

Internal exceptions (0 events):
No events

Events (0 events):
No events


Dynamic libraries:
0x00007ff6b7bd0000 - 0x00007ff6b7bdd000 	C:\Program Files\Java\jdk-12.0.1\bin\javaw.exe
0x00007ffe2acd0000 - 0x00007ffe2aec5000 	C:\Windows\SYSTEM32\ntdll.dll
0x00007ffe2a470000 - 0x00007ffe2a52d000 	C:\Windows\System32\KERNEL32.DLL
0x00007ffe28920000 - 0x00007ffe28be8000 	C:\Windows\System32\KERNELBASE.dll
0x00007ffe28490000 - 0x00007ffe28590000 	C:\Windows\System32\ucrtbase.dll
0x00007ffe21a50000 - 0x00007ffe21a67000 	C:\Program Files\Java\jdk-12.0.1\bin\jli.dll
0x00007ffe2a690000 - 0x00007ffe2a830000 	C:\Windows\System32\USER32.dll
0x00007ffe286f0000 - 0x00007ffe28712000 	C:\Windows\System32\win32u.dll
0x00007ffe29a10000 - 0x00007ffe29a3a000 	C:\Windows\System32\GDI32.dll
0x00007ffe28590000 - 0x00007ffe2869b000 	C:\Windows\System32\gdi32full.dll
0x00007ffe28720000 - 0x00007ffe287bd000 	C:\Windows\System32\msvcp_win.dll
0x00007ffe21a70000 - 0x00007ffe21a86000 	C:\Program Files\Java\jdk-12.0.1\bin\VCRUNTIME140.dll
0x00007ffe18460000 - 0x00007ffe186fa000 	C:\Windows\WinSxS\amd64_microsoft.windows.common-controls_6595b64144ccf1df_6.0.19041.844_none_ca00b6081b84eb1d\COMCTL32.dll
0x00007ffe29b20000 - 0x00007ffe29bbe000 	C:\Windows\System32\msvcrt.dll
0x00007ffe29c90000 - 0x00007ffe29cc0000 	C:\Windows\System32\IMM32.DLL
0x00007ffe05a00000 - 0x00007ffe05aaa000 	C:\Program Files\Java\jdk-12.0.1\bin\msvcp140.dll
0x00007ffddca60000 - 0x00007ffddd5d4000 	C:\Program Files\Java\jdk-12.0.1\bin\server\jvm.dll
0x00007ffe2a540000 - 0x00007ffe2a5ec000 	C:\Windows\System32\ADVAPI32.dll
0x00007ffe2a5f0000 - 0x00007ffe2a68b000 	C:\Windows\System32\sechost.dll
0x00007ffe292a0000 - 0x00007ffe293cb000 	C:\Windows\System32\RPCRT4.dll
0x00007ffe29290000 - 0x00007ffe29298000 	C:\Windows\System32\PSAPI.DLL
0x00007ffe132c0000 - 0x00007ffe132e7000 	C:\Windows\SYSTEM32\WINMM.dll
0x00007ffe18800000 - 0x00007ffe1880a000 	C:\Windows\SYSTEM32\VERSION.dll
0x00007ffe22120000 - 0x00007ffe22129000 	C:\Windows\SYSTEM32\WSOCK32.dll
0x00007ffe29c20000 - 0x00007ffe29c8b000 	C:\Windows\System32\WS2_32.dll
0x00007ffe262f0000 - 0x00007ffe26302000 	C:\Windows\SYSTEM32\kernel.appcore.dll
0x00007ffe1cb50000 - 0x00007ffe1cb61000 	C:\Program Files\Java\jdk-12.0.1\bin\verify.dll
0x00007ffe171b0000 - 0x00007ffe17394000 	C:\Windows\SYSTEM32\DBGHELP.DLL
0x00007ffe17010000 - 0x00007ffe1703c000 	C:\Windows\SYSTEM32\dbgcore.DLL
0x00007ffe28c50000 - 0x00007ffe28cd0000 	C:\Windows\System32\bcryptPrimitives.dll
0x00007ffe0eee0000 - 0x00007ffe0ef06000 	C:\Program Files\Java\jdk-12.0.1\bin\java.dll
0x00007ffe1cb30000 - 0x00007ffe1cb47000 	C:\Program Files\Java\jdk-12.0.1\bin\zip.dll
0x00007ffe1cca0000 - 0x00007ffe1ccaa000 	C:\Program Files\Java\jdk-12.0.1\bin\jimage.dll

dbghelp: loaded successfully - version: 4.0.5 - missing functions: none
symbol engine: initialized successfully - sym options: 0x614 - pdb path: .;C:\Program Files\Java\jdk-12.0.1\bin;C:\Windows\SYSTEM32;C:\Windows\WinSxS\amd64_microsoft.windows.common-controls_6595b64144ccf1df_6.0.19041.844_none_ca00b6081b84eb1d;C:\Program Files\Java\jdk-12.0.1\bin\server

VM Arguments:
jvm_args: -Dcom.sun.management.jmxremote -Dcom.sun.management.jmxremote.port=58071 -Dcom.sun.management.jmxremote.authenticate=false -Dcom.sun.management.jmxremote.ssl=false -Djava.rmi.server.hostname=localhost -Dspring.jmx.enabled=true -Dspring.application.admin.enabled=true -XX:TieredStopAtLevel=1 -Dspring.boot.project.name=algaBackend -Dfile.encoding=UTF-8 
java_command: com.backend.demo.AlgaBackendApplication --spring.output.ansi.enabled=always
java_class_path (initial): C:\Users\Adielmo\Documents\workspace-spring-tool-suite-4-4.9.0.RELEASE\algaBackend\target\classes;C:\Users\Adielmo\.m2\repository\org\springframework\boot\spring-boot-starter-web\2.4.5\spring-boot-starter-web-2.4.5.jar;C:\Users\Adielmo\.m2\repository\org\springframework\boot\spring-boot-starter-json\2.4.5\spring-boot-starter-json-2.4.5.jar;C:\Users\Adielmo\.m2\repository\com\fasterxml\jackson\core\jackson-databind\2.11.4\jackson-databind-2.11.4.jar;C:\Users\Adielmo\.m2\repository\com\fasterxml\jackson\core\jackson-annotations\2.11.4\jackson-annotations-2.11.4.jar;C:\Users\Adielmo\.m2\repository\com\fasterxml\jackson\core\jackson-core\2.11.4\jackson-core-2.11.4.jar;C:\Users\Adielmo\.m2\repository\com\fasterxml\jackson\datatype\jackson-datatype-jdk8\2.11.4\jackson-datatype-jdk8-2.11.4.jar;C:\Users\Adielmo\.m2\repository\com\fasterxml\jackson\datatype\jackson-datatype-jsr310\2.11.4\jackson-datatype-jsr310-2.11.4.jar;C:\Users\Adielmo\.m2\repository\com\fasterxml\jackson\module\jackson-module-parameter-names\2.11.4\jackson-module-parameter-names-2.11.4.jar;C:\Users\Adielmo\.m2\repository\org\springframework\boot\spring-boot-starter-tomcat\2.4.5\spring-boot-starter-tomcat-2.4.5.jar;C:\Users\Adielmo\.m2\repository\org\apache\tomcat\embed\tomcat-embed-core\9.0.45\tomcat-embed-core-9.0.45.jar;C:\Users\Adielmo\.m2\repository\org\apache\tomcat\embed\tomcat-embed-websocket\9.0.45\tomcat-embed-websocket-9.0.45.jar;C:\Users\Adielmo\.m2\repository\org\springframework\spring-web\5.3.6\spring-web-5.3.6.jar;C:\Users\Adielmo\.m2\repository\org\springframework\spring-beans\5.3.6\spring-beans-5.3.6.jar;C:\Users\Adielmo\.m2\repository\org\springframework\spring-webmvc\5.3.6\spring-webmvc-5.3.6.jar;C:\Users\Adielmo\.m2\repository\org\springframework\spring-aop\5.3.6\spring-aop-5.3.6.jar;C:\Users\Adielmo\.m2\repository\org\springframework\spring-context\5.3.6\spring-context-5.3.6.jar;C:\Users\Adielmo\.m2\repository\org\springframework\spring-expression\5.3.6\sp
Launcher Type: SUN_STANDARD

[Global flags]
     intx CICompilerCount                          = 3                                         {product} {ergonomic}
     uint ConcGCThreads                            = 1                                         {product} {ergonomic}
     uint G1ConcRefinementThreads                  = 4                                         {product} {ergonomic}
   size_t G1HeapRegionSize                         = 1048576                                   {product} {ergonomic}
    uintx GCDrainStackTargetSize                   = 64                                        {product} {ergonomic}
   size_t InitialHeapSize                          = 132120576                                 {product} {ergonomic}
     bool ManagementServer                         = true                                      {product} {command line}
   size_t MarkStackSize                            = 4194304                                   {product} {ergonomic}
   size_t MaxHeapSize                              = 2113929216                                {product} {ergonomic}
   size_t MinHeapDeltaBytes                        = 1048576                                   {product} {ergonomic}
    uintx NonNMethodCodeHeapSize                   = 6973028                                {pd product} {ergonomic}
    uintx NonProfiledCodeHeapSize                  = 244685212                              {pd product} {ergonomic}
    uintx ProfiledCodeHeapSize                     = 0                                      {pd product} {ergonomic}
    uintx ReservedCodeCacheSize                    = 251658240                              {pd product} {ergonomic}
     bool SegmentedCodeCache                       = true                                      {product} {ergonomic}
     intx TieredStopAtLevel                        = 1                                         {product} {command line}
     bool UseCompressedClassPointers               = true                                 {lp64_product} {ergonomic}
     bool UseCompressedOops                        = true                                 {lp64_product} {ergonomic}
     bool UseG1GC                                  = true                                      {product} {ergonomic}
     bool UseLargePagesIndividualAllocation        = false                                  {pd product} {ergonomic}

Logging:
Log output configuration:
 #0: stdout all=warning uptime,level,tags
 #1: stderr all=off uptime,level,tags

Environment Variables:
JAVA_HOME=C:\Program Files\Java\jdk-12.0.1
PATH=C:/Users/Adielmo/sts-4.9.0.RELEASE//plugins/org.eclipse.justj.openjdk.hotspot.jre.full.win32.x86_64_15.0.1.v20201027-0507/jre/bin/server;C:/Users/Adielmo/sts-4.9.0.RELEASE//plugins/org.eclipse.justj.openjdk.hotspot.jre.full.win32.x86_64_15.0.1.v20201027-0507/jre/bin;C:\Program Files\Java\jdk-12.0.1\bin;C:\Program Files (x86)\Common Files\Oracle\Java\javapath;C:\Windows\system32;C:\Windows;C:\Windows\System32\Wbem;C:\Windows\System32\WindowsPowerShell\v1.0\;C:\Windows\System32\OpenSSH\;C:\Program Files\Git\cmd;;C:\Program Files\Docker\Docker\resources\bin;C:\ProgramData\DockerDesktop\version-bin;C:\Program Files\MySQL\MySQL Shell 8.0\bin\;C:\Users\Adielmo\AppData\Local\Microsoft\WindowsApps;C:\Program Files\heroku\bin;C:\Users\Adielmo\sts-4.9.0.RELEASE;
USERNAME=Adielmo
OS=Windows_NT
PROCESSOR_IDENTIFIER=Intel64 Family 6 Model 58 Stepping 9, GenuineIntel



---------------  S Y S T E M  ---------------

OS: Windows 10 , 64 bit Build 19041 (10.0.19041.928)

CPU:total 4 (initial active 4) (2 cores per cpu, 2 threads per core) family 6 model 58 stepping 9, cmov, cx8, fxsr, mmx, sse, sse2, sse3, ssse3, sse4.1, sse4.2, popcnt, avx, aes, clmul, erms, ht, tsc, tscinvbit, tscinv

Memory: 4k page, system-wide physical 8058M (700M free)
TotalPageFile size 8058M (AvailPageFile size 125M)
current process WorkingSet (physical memory assigned to process): 10M, peak: 10M
current process commit charge ("private bytes"): 49M, peak: 175M

vm_info: OpenJDK 64-Bit Server VM (12.0.1+12) for windows-amd64 JRE (12.0.1+12), built on Apr  2 2019 08:16:31 by "mach5one" with MS VC++ 15.5 (VS2017)

END.
